 *** Running the ialg algorithm with minimalization on the TSPLIB instances ***
Instance: att48
Set parameter Username
Academic license - for non-commercial use only - expires 2025-01-18
	 After 1.7154613399980008 seconds and 6 BeB nodes, we found 10 SECs. Specifically, they are:
		 [36, 5, 42, 16, 18, 26, 27, 29]
		 [5, 6, 16, 17, 18, 26, 27, 29, 35, 36, 42]
		 [12, 13, 24]
		 [1, 2, 3, 4, 9, 12, 13, 15, 20, 21, 22, 23, 24, 25, 28, 31, 33, 34, 38, 40, 41, 44, 47]
		 [5, 16, 18, 26, 29, 36, 42]
		 [1, 34, 3, 4, 38, 41, 9, 44, 47, 23, 25, 28, 31]
		 [34, 3, 9, 44, 23, 25]
		 [1, 34, 3, 4, 41, 9, 44, 47, 23, 25, 28]
		 [2, 21, 15]
		 [17, 43, 6]
Instance: gr48
	 After 3.1217282280049403 seconds and 9 BeB nodes, we found 11 SECs. Specifically, they are:
		 [16, 21, 27, 31, 34, 39]
		 [16, 21, 31]
		 [16, 27, 21, 31]
		 [0, 32, 35, 37]
		 [3, 5, 6, 8, 9, 10, 44, 45, 46, 13, 18, 23, 28, 29]
		 [33, 34, 36, 38, 39, 40, 42, 43, 12, 15, 16, 17, 21, 22, 24, 26, 27, 31]
		 [18, 44, 29]
		 [3, 5, 46]
		 [17, 36, 38]
		 [3, 5, 6, 8, 9, 10, 11, 44, 45, 46, 13, 18, 23, 28, 29]
		 [0, 32, 35, 37, 12]
Instance: hk48
	 After 1.4381318669984466 seconds and 8 BeB nodes, we found 8 SECs. Specifically, they are:
		 [32, 37, 6]
		 [9, 2, 3]
		 [32, 2, 3, 4, 37, 6, 9, 11, 44, 46, 47, 21, 29]
		 [25, 18, 39]
		 [1, 34, 40, 41, 42, 10, 12, 14, 30]
		 [16, 43, 45, 23]
		 [33, 27, 5]
		 [26, 35, 20]
Instance: eil51
	 After 0.9532050050038379 seconds and 3 BeB nodes, we found 2 SECs. Specifically, they are:
		 [19, 2, 35, 34]
		 [42, 23, 6, 22]
Instance: berlin52
	 After 0.4348955780005781 seconds and 2 BeB nodes, we found 2 SECs. Specifically, they are:
		 [1, 6, 41]
		 [10, 11, 12, 13, 46, 50, 51, 25, 26, 27]
Instance: brazil58
	 After 985.4133598999979 seconds and 131 BeB nodes, we found 11 SECs. Specifically, they are:
		 [6, 30, 37, 41]
		 [37, 6, 41, 30, 15]
		 [1, 40, 47, 53, 54]
		 [5, 13, 14, 16, 18, 20, 25, 27, 28, 32, 33, 35, 36, 44, 45, 55]
		 [37, 6, 41, 10, 15, 30]
		 [37, 6, 30]
		 [49, 3, 52, 0, 43, 17, 23, 57, 8, 24, 19, 31, 12, 29, 39]
		 [32, 33, 36, 44, 13, 14, 45, 55]
		 [32, 33, 36, 44, 13, 14, 45, 55, 27]
		 [0, 17, 43, 49, 3, 52, 8, 24, 19, 31, 12, 29, 39]
		 [0, 4, 42, 43, 11, 17, 22, 23, 56, 57, 26, 49, 3, 52, 8, 24, 19, 31, 12, 29, 39]
Instance: st70
	 After 81.89214252700185 seconds and 8 BeB nodes, we found 12 SECs. Specifically, they are:
		 [11, 20, 33]
		 [24, 26, 38, 39, 44, 45, 60]
		 [48, 25, 54]
		 [8, 24, 26, 38, 39, 44, 45, 60]
		 [7, 25, 27, 48, 54]
		 [64, 66, 10, 47, 50, 55, 63]
		 [29, 19, 13]
		 [56, 14, 23]
		 [24, 44, 38]
		 [1, 2, 3, 6, 41, 17, 31]
		 [69, 12, 28, 34, 68, 30]
		 [0, 35, 46, 15, 22]
Instance: eil76
	 After 1.0483144280005945 seconds and 3 BeB nodes, we found 2 SECs. Specifically, they are:
		 [66, 67, 3, 5, 39, 74, 75, 11, 16, 50, 25]
		 [64, 65, 37, 10, 13, 52, 58]
Instance: pr76
	Ran into time limit.
Instance: gr96
	 After 299.2442005900011 seconds and 74 BeB nodes, we found 20 SECs. Specifically, they are:
		 [50, 51, 52, 54]
		 [80, 81, 82]
		 [22, 23, 24]
		 [32, 10, 43, 44]
		 [83, 84, 85]
		 [25, 26, 27]
		 [16, 17, 18, 19]
		 [0, 1, 2, 3, 4, 5, 6, 7, 8, 9, 10, 11, 12, 13, 14, 15, 16, 17, 18, 19, 20, 21, 22, 23, 24, 25, 26, 27, 28, 29, 30, 31, 32, 33, 34, 35, 36, 37, 43, 44, 45, 46, 47]
		 [16, 17, 18, 19, 20]
		 [72, 70, 71]
		 [45, 46, 47]
		 [65, 66, 67]
		 [77, 83, 84, 85, 86, 87, 88, 89]
		 [40, 38, 39, 48, 41, 42]
		 [68, 69, 78, 79, 80, 81, 50, 51, 82, 52, 54, 53, 55, 57, 56, 58, 59, 60, 61, 62, 63, 64, 65, 66, 67, 70, 71, 72, 73, 74, 75, 76, 91, 92, 93, 94, 95, 77, 83, 84, 85, 86, 87, 88, 89, 90]
		 [53, 55, 56, 57, 58, 59, 60, 61, 62, 63, 64, 65, 66, 67, 68, 69, 70, 71, 72, 73, 74, 75, 76, 91, 92, 93, 94, 95, 77, 83, 84, 85, 86, 87, 88, 89, 90, 78, 79, 80, 81, 82]
		 [65, 66, 67, 63]
		 [58, 59, 60, 61, 62, 63, 64, 65, 66, 67, 70, 71, 72, 73, 74, 75, 76, 91, 92, 93, 94, 95]
		 [58, 59, 60, 61, 62, 63, 64, 65, 66, 67, 70, 71, 72, 73, 77, 83, 84, 85, 86, 87, 88, 89, 91, 92, 93, 94, 95, 74, 75, 76]
		 [0, 1, 2, 3, 4, 5, 6, 7, 8, 9, 10, 11, 12, 13, 14, 15, 16, 17, 18, 19, 20, 21, 22, 23, 24, 25, 28, 29, 30, 31, 32, 33, 34, 35, 36, 37, 43, 44, 45, 46, 47]
Instance: rat99
	 After 61.58688123199681 seconds and 65 BeB nodes, we found 7 SECs. Specifically, they are:
		 [32, 33, 42, 41]
		 [0, 1, 2, 3, 4, 5, 6, 7, 8, 9, 10, 11, 12, 13, 14, 15, 16, 17, 18, 19, 20, 21, 22, 23, 24, 25, 26, 27, 28, 29, 30, 31, 32, 33, 34, 35, 36, 40, 41, 42, 43]
		 [72, 73, 74, 75, 81, 82, 83, 84, 96, 97, 98, 78, 85, 86, 87, 88, 89, 94, 95, 90, 91, 92, 93]
		 [72, 73, 74, 75, 81, 82, 83, 84, 96, 97, 98, 85, 86, 87, 88, 89, 94, 95, 90, 91, 92, 93]
		 [90, 91, 92, 93]
		 [63, 64, 65, 72, 73, 74, 75, 78, 81, 82, 83, 84, 85, 86, 87, 88, 89, 90, 91, 92, 93, 94, 95, 96, 97, 98]
		 [72, 73, 74, 75, 76, 77, 78, 81, 82, 83, 84, 85, 86, 87, 90, 91, 92, 93, 94]
Instance: kroA100
	Ran into time limit.
Instance: kroB100
	Ran into time limit.
Instance: kroC100
	 After 2652.8620619939975 seconds and 6525 BeB nodes, we found 19 SECs. Specifically, they are:
		 [81, 6, 8, 25, 77]
		 [82, 61, 71]
		 [9, 18, 91, 98]
		 [0, 52, 84]
		 [48, 17, 28]
		 [19, 41, 54, 63]
		 [49, 82, 61, 71]
		 [42, 4, 55]
		 [42, 4, 85]
		 [8, 81, 77, 6]
		 [64, 76, 79]
		 [4, 5, 7, 16, 21, 24, 27, 33, 37, 38, 42, 49, 53, 55, 57, 61, 70, 71, 74, 82, 85, 87, 89, 97]
		 [10, 47, 51, 83, 86, 95]
		 [50, 62, 15]
		 [72, 2, 58]
		 [50, 43, 62, 15]
		 [10, 83, 51, 86, 95, 65, 43, 15, 47, 50, 62]
		 [48, 17, 36, 28]
		 [6, 8, 77, 81, 23, 25, 60, 31]
Instance: kroD100
	Ran into time limit.
Instance: kroE100
	 After 325.3713470350049 seconds and 74 BeB nodes, we found 23 SECs. Specifically, they are:
		 [19, 14, 55]
		 [70, 71, 43, 13, 80, 51, 88, 60]
		 [2, 70, 71, 72, 43, 45, 46, 78, 80, 13, 15, 51, 88, 25, 60]
		 [43, 51, 13, 71]
		 [1, 10, 3]
		 [89, 41, 4, 47]
		 [73, 20, 6]
		 [9, 59, 49]
		 [14, 48, 19, 55, 61]
		 [24, 98, 44, 53]
		 [34, 39, 87]
		 [90, 92, 54]
		 [66, 40, 74, 12, 81, 86, 26, 91]
		 [66, 40, 74, 81, 86, 26, 91]
		 [88, 80, 60, 70]
		 [43, 51, 13]
		 [76, 95, 84]
		 [1, 3, 5, 8, 10, 12, 17, 18, 21, 23, 26, 28, 29, 30, 33, 36, 38, 40, 42, 52, 54, 65, 66, 69, 74, 76, 77, 81, 84, 85, 86, 90, 91, 92, 93, 95, 99]
		 [81, 26, 91, 66]
		 [32, 67, 37]
		 [64, 4, 7, 89, 41, 47]
		 [25, 2, 45, 78]
		 [75, 11, 31]
Instance: rd100
	Ran into time limit.
 *** Running the ialg algorithm with NO minimalization on the TSPLIB instances ***
Instance: att48
	 After 20.3770078959933 seconds and 2034 BeB nodes, we found 10 SECs. Specifically, they are:
		 [36, 5, 42, 16, 18, 26, 27, 29]
		 [5, 6, 16, 17, 18, 26, 27, 29, 35, 36, 42]
		 [12, 13, 24]
		 [1, 2, 3, 4, 9, 12, 13, 15, 20, 21, 22, 23, 24, 25, 28, 31, 33, 34, 38, 40, 41, 44, 47]
		 [5, 16, 18, 26, 29, 36, 42]
		 [1, 34, 3, 4, 38, 41, 9, 44, 47, 23, 25, 28, 31]
		 [1, 4, 41, 47, 28, 34, 3, 9, 44, 23, 25]
		 [2, 21, 15]
		 [34, 3, 9, 44, 23, 25]
		 [17, 43, 6]
Instance: gr48
	 After 732.4238568300061 seconds and 44098 BeB nodes, we found 11 SECs. Specifically, they are:
		 [16, 21, 27, 31, 34, 39]
		 [16, 21, 31]
		 [16, 27, 21, 31]
		 [0, 32, 35, 37]
		 [3, 5, 6, 8, 9, 10, 44, 45, 46, 13, 18, 23, 28, 29]
		 [18, 44, 29]
		 [33, 34, 36, 38, 39, 40, 42, 43, 12, 15, 16, 17, 21, 22, 24, 26, 27, 31]
		 [17, 36, 38]
		 [3, 5, 6, 8, 9, 10, 11, 44, 45, 46, 13, 18, 23, 28, 29]
		 [15, 16, 17, 21, 22, 24, 26, 27, 31, 33, 34, 36, 38, 39, 40, 42, 43, 0, 32, 35, 37, 12]
		 [3, 5, 46]
Instance: hk48
	 After 269.2712028590031 seconds and 46644 BeB nodes, we found 8 SECs. Specifically, they are:
		 [32, 37, 6]
		 [9, 2, 3]
		 [25, 18, 39]
		 [1, 34, 40, 41, 42, 10, 12, 14, 30]
		 [32, 2, 3, 4, 37, 6, 9, 11, 44, 46, 47, 21, 29]
		 [16, 43, 45, 23]
		 [33, 27, 5]
		 [26, 35, 20]
Instance: eil51
	 After 0.15897018800023943 seconds and 7 BeB nodes, we found 2 SECs. Specifically, they are:
		 [42, 23, 6, 22]
		 [19, 2, 35, 34]
Instance: berlin52
	 After 0.15713702999346424 seconds and 18 BeB nodes, we found 2 SECs. Specifically, they are:
		 [1, 6, 41]
		 [10, 11, 12, 13, 46, 50, 51, 25, 26, 27]
Instance: brazil58
Ran into time limit.
Instance: st70
Ran into time limit.
Instance: eil76
	 After 0.28184725700702984 seconds and 7 BeB nodes, we found 2 SECs. Specifically, they are:
		 [64, 65, 37, 10, 13, 52, 58]
		 [66, 67, 3, 5, 39, 74, 75, 11, 16, 50, 25]
Instance: pr76
Ran into time limit.
Instance: gr96
Ran into time limit.
Instance: rat99
	 After 655.8795432150073 seconds and 18704 BeB nodes, we found 7 SECs. Specifically, they are:
		 [32, 33, 42, 41]
		 [0, 1, 2, 3, 4, 5, 6, 7, 8, 9, 10, 11, 12, 13, 14, 15, 16, 17, 18, 19, 20, 21, 22, 23, 24, 25, 26, 27, 28, 29, 30, 31, 32, 33, 34, 35, 36, 40, 41, 42, 43]
		 [72, 73, 74, 75, 81, 82, 83, 84, 96, 97, 98, 78, 85, 86, 87, 88, 89, 94, 95, 90, 91, 92, 93]
		 [72, 73, 74, 75, 81, 82, 83, 84, 76, 77, 78, 96, 97, 98, 85, 86, 87, 88, 89, 94, 95, 90, 91, 92, 93]
		 [64, 65, 72, 73, 74, 75, 81, 82, 83, 84, 63, 96, 97, 98, 78, 85, 86, 87, 88, 89, 94, 95, 90, 91, 92, 93]
		 [72, 73, 74, 75, 81, 82, 83, 84, 96, 97, 98, 85, 86, 87, 88, 89, 94, 95, 90, 91, 92, 93]
		 [90, 91, 92, 93]
Instance: kroA100
Ran into time limit.
Instance: kroB100
Ran into time limit.
Instance: kroC100
Ran into time limit.
Instance: kroD100
Ran into time limit.
Instance: kroE100
Ran into time limit.
Instance: rd100
Ran into time limit.
******* Instance: 20009_hard *******
	 After 3.3674028020031983 seconds and 39 BeB nodes, we found 50 SECs. Specifically, they are:
		 [3, 5, 7, 15, 16, 19]
		 [1, 2, 10, 11, 13]
		 [1, 2, 11]
		 [3, 5, 7]
		 [0, 1, 2, 4, 10, 11, 12, 13]
		 [1, 2, 11, 13]
		 [1, 2, 4, 10, 11, 12, 13]
		 [1, 2, 4, 10, 11, 13]
		 [19, 3, 5, 7]
		 [3, 5, 7, 15, 19]
		 [3, 5, 7, 14, 15, 16, 19]
		 [3, 5, 7, 8, 14, 15, 16, 18, 19]
		 [3, 5, 7, 8, 9, 14, 15, 16, 18, 19]
		 [0, 4, 12]
		 [2, 11, 13, 10, 4, 12]
		 [0, 10, 4, 12]
		 [2, 11, 13]
		 [10, 4, 13]
		 [0, 4, 10, 12, 13]
		 [10, 4, 12]
		 [10, 13, 4, 12]
		 [19, 5, 7, 8, 14, 15, 16, 18]
		 [9, 3, 5, 7, 16, 19, 14, 15]
		 [8, 18, 14, 16, 19, 15]
		 [16, 19, 5, 15, 8, 18, 14]
		 [9, 3, 7, 19, 5, 15]
		 [9, 3, 7, 16, 19, 5, 15]
		 [19, 5, 7, 16, 14, 15]
		 [9, 3, 7]
		 [9, 3, 5, 7]
		 [3, 5, 7, 9, 19]
		 [19, 5, 7]
		 [8, 18, 14]
		 [2, 4, 10, 11, 13]
		 [0, 4, 10, 11, 12, 13]
		 [0, 2, 4, 10, 11, 12, 13]
		 [10, 11, 13]
		 [4, 10, 11, 12, 13]
		 [10, 11, 4, 13]
		 [10, 2, 11, 13]
		 [8, 14, 15, 16, 18]
		 [8, 16, 18, 14]
		 [19, 5, 15]
		 [19, 7, 5, 15]
		 [16, 19, 14, 15]
		 [16, 14, 15]
		 [16, 19, 5, 15]
		 [5, 14, 15, 16, 19]
		 [16, 19, 15]
		 [5, 7, 15, 16, 19]
******* Instance: 20181_hard *******
	 After 2.2934532789950026 seconds and 37 BeB nodes, we found 42 SECs. Specifically, they are:
		 [4, 6, 7, 16]
		 [5, 8, 14, 15]
		 [0, 16, 4, 6, 7, 10, 13]
		 [16, 4, 6, 7, 10]
		 [16, 4, 6]
		 [5, 8, 14]
		 [0, 10, 13]
		 [1, 18, 12, 2, 3, 9, 17, 19]
		 [1, 18, 12, 9, 3, 17]
		 [1, 3, 12, 9, 2, 19, 17]
		 [1, 3, 12, 9, 2, 17]
		 [1, 18, 12, 17, 2, 3, 9]
		 [1, 3, 9, 17, 2, 19]
		 [8, 5, 15]
		 [5, 8, 11, 14, 15]
		 [8, 11, 5, 14]
		 [8, 11, 14]
		 [0, 10, 13, 7]
		 [17, 2, 19]
		 [1, 18, 12]
		 [10, 13, 6, 7]
		 [0, 6, 7, 10, 13]
		 [16, 6, 7]
		 [6, 7, 10, 13, 16]
		 [10, 13, 7]
		 [0, 6, 7, 10, 13, 16]
		 [4, 6, 7, 10, 13, 16]
		 [16, 10, 6, 7]
		 [10, 6, 7]
		 [1, 18, 3, 12]
		 [1, 3, 12]
		 [9, 3, 17]
		 [1, 3, 9, 17]
		 [9, 2, 17]
		 [1, 2, 3, 9, 17]
		 [9, 2, 3, 17]
		 [17, 2, 19, 9]
		 [1, 3, 9, 12, 17]
		 [2, 3, 9, 17, 19]
		 [1, 3, 9, 12, 18]
		 [1, 3, 12, 9]
		 [1, 3, 9]
******* Instance: 25001_hard *******
	 After 19.308684339004685 seconds and 74 BeB nodes, we found 84 SECs. Specifically, they are:
		 [9, 3, 15]
		 [3, 6, 9, 13, 15, 18]
		 [3, 6, 9, 15, 18]
		 [2, 4, 5, 7, 16, 19, 20, 21, 23, 24]
		 [2, 19, 5, 23, 24]
		 [2, 19, 4, 5, 20, 23, 24]
		 [2, 19, 4, 5, 23, 24]
		 [24, 19, 5]
		 [24, 19, 5, 23]
		 [9, 18, 3, 15]
		 [2, 4, 5, 7, 19, 20, 23, 24]
		 [17, 11, 14]
		 [0, 12, 13]
		 [0, 12, 13, 6]
		 [8, 10, 3, 12, 13, 6, 9, 18, 15]
		 [17, 11, 22, 14]
		 [11, 14, 22]
		 [2, 4, 20, 24, 5, 23, 16, 21, 7]
		 [16, 1, 21, 7, 2, 4, 20, 24, 5, 23]
		 [16, 1, 21, 24, 2, 23, 4, 20, 7]
		 [16, 1, 21]
		 [2, 4, 20]
		 [8, 10, 3]
		 [0, 6, 9, 12, 13, 18]
		 [10, 3, 15, 6, 9, 12, 13, 18]
		 [10, 3, 15, 9, 18, 6]
		 [12, 13, 6, 9, 18, 15]
		 [0, 6, 12, 13, 18]
		 [8, 10, 3, 15, 9, 18, 6]
		 [10, 3, 15, 9, 18, 13, 6]
		 [24, 2, 23]
		 [12, 13, 6]
		 [8, 10, 3, 15, 9, 18, 13, 6]
		 [18, 12, 13, 6]
		 [24, 2, 5, 23]
		 [10, 3, 15]
		 [9, 10, 3, 15]
		 [18, 13, 6]
		 [2, 4, 20, 23, 24, 16, 21, 7]
		 [8, 10, 3, 15]
		 [3, 8, 9, 10, 15]
		 [16, 1, 21, 7, 2, 20, 4, 23]
		 [2, 4, 20, 23, 16, 21, 7]
		 [24, 5, 23]
		 [24, 2, 4, 23, 16, 20, 7]
		 [2, 4, 23, 16, 20, 7]
		 [2, 4, 5, 23, 24, 16, 20, 7]
		 [16, 1, 21, 7]
		 [9, 18, 6]
		 [6, 9, 12, 13, 18]
		 [9, 18, 13, 6]
		 [0, 3, 6, 9, 10, 12, 13, 15, 18]
		 [9, 18, 15]
		 [3, 9, 10, 15, 18]
		 [0, 6, 9, 12, 13, 15, 18]
		 [0, 3, 6, 9, 12, 13, 15, 18]
		 [9, 18, 6, 15]
		 [3, 6, 9, 12, 13, 15, 18]
		 [0, 3, 6, 8, 9, 10, 12, 13, 15, 18]
		 [3, 8, 9, 10, 15, 18]
		 [6, 9, 13, 15, 18]
		 [1, 2, 4, 5, 7, 16, 19, 20, 21, 23, 24]
		 [16, 21, 7]
		 [1, 4, 7, 16, 20, 21]
		 [2, 4, 20, 23, 24]
		 [2, 4, 7, 16, 20, 21]
		 [2, 4, 20, 23]
		 [4, 7, 16, 20, 21]
		 [1, 2, 4, 7, 16, 20, 21]
		 [2, 4, 5, 7, 16, 19, 20, 23, 24]
		 [24, 2, 4, 23]
		 [16, 4, 20, 7]
		 [16, 20, 21, 7]
		 [1, 7, 16, 20, 21]
		 [2, 4, 7, 20, 23]
		 [2, 4, 23]
		 [2, 4, 7, 16, 20]
		 [4, 20, 7]
		 [2, 4, 20, 7]
		 [2, 4, 5, 20, 23, 24]
		 [2, 4, 7, 20, 23, 24]
		 [16, 20, 7]
		 [2, 4, 5, 7, 20, 23, 24]
		 [2, 4, 5, 23, 24]
******* Instance: 25004_hard *******
	 After 24.254359988000942 seconds and 74 BeB nodes, we found 84 SECs. Specifically, they are:
		 [0, 1, 20, 24, 11]
		 [0, 1, 5, 7, 11, 20, 24]
		 [0, 1, 5, 6, 7, 11, 16, 20, 23, 24]
		 [0, 1, 20, 24]
		 [0, 1, 5, 7, 11, 16, 20, 23, 24]
		 [9, 13, 17]
		 [1, 20, 24]
		 [0, 1, 20, 5, 24, 11]
		 [9, 13, 15, 17]
		 [0, 1, 5, 7, 11, 20, 23, 24]
		 [0, 1, 2, 5, 6, 7, 11, 16, 20, 23, 24]
		 [19, 3, 14, 10, 4, 22, 8, 18, 12, 21]
		 [19, 3, 14, 10, 4, 22, 8, 12, 21]
		 [17, 13, 15]
		 [19, 4, 14, 8, 10, 22, 18, 12, 21]
		 [16, 2, 6]
		 [0, 24, 20]
		 [19, 3, 14]
		 [4, 10, 14, 19, 22, 8, 12, 21]
		 [10, 4, 22, 8, 18, 12, 21]
		 [10, 4, 22, 8, 12, 21]
		 [3, 4, 14, 19, 22, 8, 10, 12]
		 [19, 4, 14, 22, 8, 10, 12]
		 [10, 19, 4, 22, 8, 12, 21]
		 [19, 3, 4, 14]
		 [8, 10, 22, 18, 12, 21]
		 [10, 19, 4, 22, 8, 18, 12, 21]
		 [19, 4, 22, 8, 10, 12]
		 [19, 4, 14, 8, 10, 22]
		 [19, 4, 14]
		 [19, 4, 22, 14]
		 [3, 4, 14, 19, 22]
		 [0, 5, 11, 20, 24]
		 [0, 24, 11, 20]
		 [16, 2, 6, 23]
		 [19, 4, 22]
		 [0, 24, 11]
		 [11, 5, 7, 16, 6, 23]
		 [0, 24, 11, 5]
		 [0, 5, 7, 11, 20, 24]
		 [0, 11, 5]
		 [0, 5, 7, 11, 24]
		 [0, 11, 5, 7]
		 [11, 5, 7]
		 [10, 4, 22]
		 [3, 4, 10, 14, 19, 22]
		 [4, 10, 14, 19, 22]
		 [10, 19, 4, 22]
		 [8, 12, 21]
		 [8, 18, 12, 21]
		 [8, 10, 12, 22]
		 [8, 10, 12, 21, 22]
		 [8, 10, 12, 18, 21]
		 [8, 10, 12, 21]
		 [8, 10, 12]
		 [4, 8, 10, 12, 22]
		 [18, 12, 21]
		 [8, 10, 22]
		 [8, 10, 4, 22]
		 [3, 4, 8, 10, 14, 19, 22]
		 [11, 7, 5, 23]
		 [0, 5, 7, 11, 20, 23, 24]
		 [2, 6, 7, 16, 23]
		 [16, 23, 6, 7]
		 [0, 2, 5, 6, 7, 11, 16, 20, 23, 24]
		 [2, 5, 6, 7, 11, 16, 23]
		 [4, 8, 10, 19, 22]
		 [16, 6, 23]
		 [0, 5, 6, 7, 11, 16, 20, 23, 24]
		 [0, 2, 5, 6, 7, 11, 16, 23]
		 [0, 5, 6, 7, 11, 16, 23, 24]
		 [0, 5, 7, 11, 23, 24]
		 [7, 5, 23]
		 [16, 23, 7]
		 [5, 7, 11, 16, 23]
		 [0, 5, 6, 7, 11, 16, 23]
		 [2, 5, 6, 7, 16, 23]
		 [0, 2, 5, 6, 7, 11, 16, 23, 24]
		 [0, 5, 7, 11, 23]
		 [5, 6, 7, 16, 23]
		 [0, 5, 7, 11, 16, 20, 23, 24]
		 [0, 5, 7, 11, 16, 23, 24]
		 [16, 23, 5, 7]
		 [0, 5, 7, 11, 16, 23]
******* Instance: 25006_hard *******
	 After 16.439337887000875 seconds and 64 BeB nodes, we found 76 SECs. Specifically, they are:
		 [7, 9, 11, 13]
		 [0, 4, 5, 6, 8, 12, 17, 18, 20, 22, 24]
		 [6, 8, 20]
		 [1, 7, 9, 11, 13]
		 [1, 21, 7, 9, 11, 13]
		 [17, 4, 20, 6, 8, 24, 12]
		 [9, 11, 7]
		 [0, 4, 5, 6, 8, 12, 17, 18, 20, 24]
		 [4, 6, 8, 12, 17, 18, 20, 24]
		 [6, 8, 20, 24]
		 [6, 8, 17, 20, 24]
		 [4, 5, 6, 8, 12, 17, 18, 20, 24]
		 [17, 4, 20, 6, 8, 24]
		 [0, 5, 22]
		 [1, 13, 21]
		 [2, 10, 14, 15, 23, 16, 19, 3]
		 [2, 14, 15, 16, 19, 3]
		 [2, 23, 14, 15, 16, 19, 3]
		 [2, 15, 23, 16, 3, 14]
		 [2, 10, 23, 15, 16, 3, 14]
		 [0, 18, 5, 22]
		 [0, 18, 5]
		 [16, 2, 14, 10, 15, 23]
		 [16, 19, 3]
		 [24, 17, 6]
		 [24, 17, 20, 6]
		 [24, 17, 4]
		 [4, 6, 17, 20, 24]
		 [24, 17, 4, 6]
		 [2, 15, 23]
		 [2, 10, 23, 15]
		 [24, 20, 6]
		 [9, 13, 7]
		 [1, 13, 9, 7]
		 [1, 7, 9, 13, 21]
		 [1, 13, 21, 9]
		 [1, 13, 9]
		 [19, 16, 3, 14]
		 [16, 3, 14]
		 [2, 15, 14, 23]
		 [2, 10, 14, 15, 23]
		 [2, 14, 15]
		 [16, 2, 14, 15]
		 [2, 14, 15, 16, 23]
		 [2, 3, 14, 15, 16]
		 [10, 15, 23]
		 [2, 3, 14, 16, 19]
		 [16, 2, 14]
		 [16, 2, 3, 14]
		 [4, 5, 6, 12, 17, 18, 20, 24]
		 [0, 4, 5, 6, 12, 17, 18, 20, 22, 24]
		 [4, 6, 12, 17, 18, 20, 24]
		 [4, 6, 12, 17, 20, 24]
		 [0, 4, 5, 6, 12, 17, 18, 20, 24]
		 [18, 4, 12]
		 [0, 4, 5, 12, 18]
		 [0, 4, 5, 12, 18, 22]
		 [0, 4, 5, 6, 12, 17, 18, 22, 24]
		 [4, 5, 12, 17, 18, 24]
		 [18, 5, 4, 12]
		 [18, 12, 5]
		 [0, 4, 5, 12, 17, 18, 22, 24]
		 [4, 6, 12, 17, 18, 24]
		 [4, 6, 12, 17, 24]
		 [4, 12, 17, 18, 24]
		 [0, 5, 12, 18, 22]
		 [24, 17, 4, 12]
		 [0, 18, 12, 5]
		 [4, 5, 6, 12, 17, 18, 24]
		 [0, 4, 5, 12, 17, 18, 24]
		 [0, 4, 5, 6, 12, 17, 18, 24]
		 [17, 4, 12]
		 [0, 4, 5, 12, 17, 18]
		 [4, 5, 12, 17, 18]
		 [0, 4, 5, 12, 17, 18, 22]
		 [17, 18, 4, 12]
******* Instance: 30001_hard *******
	 After 100.36175993300276 seconds and 126 BeB nodes, we found 135 SECs. Specifically, they are:
		 [0, 1, 3, 16, 18]
		 [2, 19, 5, 10, 12, 13]
		 [0, 1, 18]
		 [0, 16, 18, 1]
		 [2, 5, 10, 12, 13, 19, 25]
		 [10, 12, 13, 19]
		 [0, 1, 16, 3, 18, 26, 27]
		 [0, 1, 16, 3, 18, 27]
		 [2, 10, 12, 13, 19]
		 [10, 19, 13]
		 [25, 2, 5, 10, 12, 13]
		 [0, 1, 2, 3, 5, 10, 12, 13, 16, 18, 19, 25, 26, 27]
		 [4, 6, 7, 8, 9, 11, 15, 17, 20, 21, 22, 23, 24, 28, 29]
		 [25, 2, 5]
		 [4, 6, 7, 8, 9, 11, 14, 15, 17, 20, 21, 23, 24, 28, 29]
		 [0, 16, 18]
		 [24, 11, 4, 6, 20, 21, 22, 23, 9, 17, 7, 8, 28, 15]
		 [24, 11, 4, 20, 21, 6, 9, 17, 7, 8, 28, 15]
		 [11, 4, 28, 29, 14, 7, 8, 20, 15, 24, 9, 17]
		 [4, 8, 11, 15, 28, 20, 21, 6, 29, 14, 7, 24, 9, 17]
		 [24, 11, 4, 20, 21, 6, 17, 29, 9, 7, 8, 28, 15]
		 [11, 4, 28, 22, 21, 6, 23, 8, 20, 15, 24, 9, 17]
		 [24, 11, 4, 20, 21, 6, 23, 17, 29, 9, 7, 8, 28, 15]
		 [24, 11, 4, 21, 6, 23, 9, 17, 7, 8, 20, 28, 15]
		 [4, 28, 15, 8, 20, 6, 17, 29, 7, 24, 9, 11]
		 [11, 4, 28, 15, 8, 20, 6, 29, 14, 7, 24, 9, 17]
		 [11, 4, 28, 21, 6, 23, 8, 20, 15, 24, 9, 17]
		 [4, 28, 15, 8, 20, 6, 24, 9, 11, 21, 22, 23]
		 [25, 2, 12, 5]
		 [2, 12, 5]
		 [4, 28, 15]
		 [11, 4, 28]
		 [11, 4, 28, 15]
		 [2, 10, 12]
		 [24, 11, 4, 9, 17, 7, 8, 28, 15]
		 [24, 11, 4, 28, 9, 17, 7, 8, 20, 15]
		 [8, 4, 28, 15, 20, 21, 6, 24, 9, 11]
		 [4, 8, 15, 20, 28, 17, 29, 7, 24, 9, 11]
		 [8, 4, 28, 15, 17, 29, 7, 24, 9, 11]
		 [24, 11, 4, 20, 21, 6, 8, 28, 15]
		 [8, 4, 28, 15, 20, 21, 6, 24, 9, 11, 17]
		 [24, 11, 4, 23, 21, 6, 22, 8, 20, 28, 15]
		 [29, 14, 7]
		 [24, 9, 11, 4, 17, 29, 14, 7, 8, 28, 15]
		 [24, 11, 4, 6, 8, 15, 20, 28, 9, 17, 7]
		 [8, 4, 28, 15, 20, 21, 6, 23, 24, 9, 11]
		 [24, 11, 4, 20, 21, 6, 23, 8, 28, 15]
		 [2, 5, 10, 12, 25]
		 [2, 10, 12, 5]
		 [27, 26, 3]
		 [10, 12, 13]
		 [16, 27, 26, 3]
		 [16, 27, 3]
		 [2, 5, 10, 12, 13]
		 [0, 3, 16, 26, 27]
		 [0, 16, 3]
		 [2, 10, 12, 13]
		 [0, 3, 16, 18, 26, 27]
		 [0, 16, 3, 27]
		 [0, 16, 18, 3]
		 [0, 3, 16, 18, 27]
		 [24, 9, 11, 4]
		 [4, 11, 15, 24, 28]
		 [24, 11, 4, 28]
		 [17, 29, 7]
		 [4, 9, 11, 15, 24, 28]
		 [24, 11, 4]
		 [4, 9, 11, 24, 28]
		 [17, 29, 14, 7]
		 [23, 21, 6, 22, 8, 20, 28, 15]
		 [23, 21, 6, 22, 8, 20, 15]
		 [20, 21, 6, 8, 28, 15]
		 [4, 8, 11, 15, 28, 20, 21, 6]
		 [8, 4, 28, 15, 24, 9, 11]
		 [4, 8, 15, 20, 28, 24, 9, 11]
		 [4, 8, 15, 20, 28, 24, 9, 11, 17]
		 [4, 8, 11, 15, 20, 28, 22, 21, 6, 23]
		 [8, 4, 28, 15, 24, 9, 11, 17]
		 [4, 8, 15, 20, 28, 23, 21, 6, 22]
		 [8, 4, 28, 15, 20, 21, 6]
		 [8, 20, 6, 21, 22, 23]
		 [20, 21, 6, 23, 8, 28, 15]
		 [4, 8, 11, 15, 20, 28, 21, 6, 23]
		 [8, 4, 28, 15, 20, 21, 6, 23]
		 [23, 21, 6, 22]
		 [21, 6, 23, 8, 20, 15]
		 [4, 9, 11, 15, 17, 24, 28, 8, 20, 6]
		 [4, 6, 8, 15, 20, 28, 24, 9, 11]
		 [20, 21, 6]
		 [6, 20, 21, 22, 23]
		 [7, 9, 14, 17, 29]
		 [9, 29, 17, 7]
		 [20, 21, 6, 23]
		 [21, 6, 23]
		 [9, 17, 7]
		 [7, 9, 11, 14, 17, 24, 29]
		 [4, 7, 9, 11, 17, 24, 28, 29]
		 [4, 9, 11, 17, 24, 28]
		 [7, 9, 17, 24, 29]
		 [4, 7, 9, 11, 15, 17, 24, 28, 29]
		 [4, 7, 9, 11, 17, 24, 29]
		 [7, 9, 11, 17, 24, 29]
		 [4, 7, 9, 11, 14, 17, 24, 28, 29]
		 [24, 9, 11, 17]
		 [4, 7, 9, 11, 17, 24, 28]
		 [24, 9, 11]
		 [24, 9, 17, 7]
		 [4, 7, 9, 11, 15, 17, 24, 28]
		 [7, 9, 11, 17, 24]
		 [4, 7, 9, 11, 17, 24]
		 [7, 9, 14, 17, 24, 29]
		 [24, 9, 17]
		 [4, 9, 11, 15, 17, 24, 28]
		 [4, 9, 11, 17, 24]
		 [4, 7, 9, 11, 14, 17, 24, 29]
		 [4, 7, 9, 11, 14, 15, 17, 24, 28, 29]
		 [8, 20, 28, 15]
		 [8, 20, 21, 6]
		 [8, 20, 15]
		 [8, 4, 28, 15]
		 [8, 28, 15]
		 [4, 8, 11, 15, 24, 28]
		 [4, 8, 11, 15, 28]
		 [6, 8, 15, 20, 21]
		 [4, 8, 11, 15, 20, 24, 28]
		 [4, 8, 15, 20, 28]
		 [4, 8, 11, 15, 20, 28]
		 [6, 8, 15, 20, 28]
		 [6, 8, 20, 21, 23]
		 [21, 22, 23]
		 [4, 6, 8, 11, 15, 20, 24, 28]
		 [8, 20, 6]
		 [8, 20, 6, 15]
		 [4, 6, 8, 15, 20, 28]
		 [4, 6, 8, 11, 15, 20, 28]
******* Instance: 30003_hard *******
	 After 1625.908822125988 seconds and 221 BeB nodes, we found 235 SECs. Specifically, they are:
		 [3, 4, 5]
		 [0, 1, 8, 9, 14, 15, 16, 18, 22, 23, 24, 26]
		 [0, 1, 7, 8, 9, 11, 14, 15, 16, 18, 20, 22, 23, 24, 26]
		 [0, 1, 8, 16, 18, 22, 23, 26]
		 [0, 1, 7, 8, 9, 14, 15, 16, 18, 22, 23, 24, 26]
		 [0, 1, 22, 23]
		 [0, 22, 23]
		 [0, 1, 8, 9, 14, 16, 18, 22, 23, 26]
		 [0, 1, 8, 14, 16, 18, 22, 23, 26]
		 [0, 1, 22, 23, 26]
		 [17, 3, 4, 5, 21, 25, 29]
		 [0, 1, 8, 9, 14, 16, 18, 22, 23, 24, 26]
		 [0, 1, 18, 22, 23, 26]
		 [0, 1, 7, 8, 9, 14, 15, 16, 18, 20, 22, 23, 24, 26]
		 [0, 1, 16, 18, 22, 23, 26]
		 [17, 21, 25]
		 [5, 4, 29]
		 [29, 3, 4, 5]
		 [0, 1, 22]
		 [0, 1, 26]
		 [0, 1, 26, 22]
		 [0, 1, 16, 18, 22, 26]
		 [0, 1, 18, 22, 26]
		 [0, 3, 4, 5, 17, 21, 22, 23, 25, 29]
		 [0, 1, 3, 4, 5, 17, 21, 22, 23, 25, 29]
		 [0, 1, 3, 4, 5, 17, 21, 22, 23, 25, 28, 29]
		 [0, 3, 4, 5, 17, 21, 22, 23, 25, 28, 29]
		 [0, 1, 16, 18, 26]
		 [0, 1, 8, 16, 18, 26]
		 [0, 1, 18, 26]
		 [0, 1, 3, 4, 5, 17, 21, 22, 23, 25, 26, 29]
		 [0, 1, 8, 16, 18, 22, 26]
		 [0, 3, 4, 5, 10, 17, 21, 22, 23, 25, 28, 29]
		 [2, 6, 7, 9, 10, 11, 12, 13, 14, 15, 19, 20, 24, 27, 28]
		 [0, 2, 3, 4, 5, 6, 10, 17, 21, 22, 23, 25, 28, 29]
		 [0, 2, 3, 4, 5, 10, 17, 21, 22, 23, 25, 28, 29]
		 [0, 1, 3, 4, 5, 10, 17, 21, 22, 23, 25, 28, 29]
		 [0, 1, 8, 9, 14, 16, 18, 26]
		 [0, 1, 3, 4, 5, 17, 21, 22, 23, 25, 26, 28, 29]
		 [7, 8, 9, 11, 12, 13, 14, 15, 16, 18, 19, 20, 24, 26, 27]
		 [0, 1, 3, 4, 5, 16, 17, 18, 21, 22, 23, 25, 26, 29]
		 [0, 1, 2, 3, 4, 5, 10, 17, 21, 22, 23, 25, 28, 29]
		 [0, 1, 8, 9, 14, 16, 18, 22, 26]
		 [0, 1, 3, 4, 5, 17, 18, 21, 22, 23, 25, 26, 29]
		 [0, 1, 3, 4, 5, 10, 17, 21, 22, 23, 25, 26, 28, 29]
		 [0, 1, 8, 9, 14, 16, 18, 22, 24, 26]
		 [6, 7, 8, 9, 11, 12, 13, 14, 15, 16, 18, 19, 20, 24, 27]
		 [0, 1, 8, 9, 14, 16, 18, 24, 26]
		 [0, 1, 8, 14, 16, 18, 22, 26]
		 [0, 1, 3, 4, 5, 17, 18, 21, 22, 23, 25, 26, 28, 29]
		 [2, 6, 7, 8, 9, 10, 11, 12, 13, 14, 15, 19, 20, 24, 27]
		 [0, 1, 8, 14, 16, 18, 26]
		 [1, 7, 8, 9, 11, 12, 13, 14, 15, 16, 18, 19, 20, 24, 26]
		 [2, 6, 7, 8, 9, 11, 12, 13, 14, 15, 16, 19, 20, 24, 27]
		 [27, 12, 6, 20, 15, 7, 24, 9, 14, 19, 11, 13]
		 [0, 1, 7, 8, 9, 14, 15, 16, 18, 22, 24, 26]
		 [20, 15, 7, 8, 16, 18, 26, 24, 9, 14, 19, 11, 13]
		 [2, 10, 28, 27, 12, 6, 24, 20, 15, 7, 19, 11, 13]
		 [24, 20, 15, 7, 8, 9, 14, 19, 11, 12, 13, 16, 18, 26]
		 [24, 9, 15, 7, 8, 16, 14, 11, 20, 13, 19, 27, 12]
		 [27, 12, 6, 24, 15, 7, 8, 9, 14, 19, 11, 20, 13]
		 [2, 10, 6, 7, 11, 13, 15, 20, 24, 9, 14, 19, 27, 12]
		 [19, 27, 12, 6, 24, 15, 7, 8, 16, 14, 9, 11, 20, 13]
		 [16, 1, 18, 26, 24, 15, 7, 8, 9, 14, 19, 11, 20, 13]
		 [0, 1, 7, 8, 9, 14, 15, 16, 18, 20, 22, 24, 26]
		 [1, 18, 26, 24, 15, 7, 8, 16, 14, 9, 11, 20, 13]
		 [2, 10, 28, 27, 12, 6, 20, 15, 7, 19, 11, 13]
		 [24, 15, 7, 8, 9, 14, 11, 20, 13, 19, 27, 12]
		 [2, 27, 6, 24, 20, 15, 7, 8, 9, 14, 19, 11, 12, 13]
		 [7, 9, 14, 15, 24, 8, 16, 18, 11, 20, 13, 19, 27, 12]
		 [20, 15, 7, 8, 16, 18, 24, 9, 14, 19, 11, 12, 13]
		 [2, 10, 28, 27, 12, 6, 7, 9, 15, 20, 24, 19, 11, 13]
		 [0, 1, 7, 8, 9, 14, 15, 16, 18, 20, 24, 26]
		 [2, 27, 12, 6, 20, 15, 7, 24, 9, 14, 19, 11, 13]
		 [20, 15, 7, 8, 16, 18, 24, 9, 14, 19, 11, 13]
		 [0, 1, 7, 8, 9, 14, 15, 16, 18, 24, 26]
		 [2, 10, 6, 24, 9, 15, 7, 11, 20, 13, 19, 27, 12]
		 [2, 10, 6, 24, 15, 7, 11, 20, 13, 19, 27, 12]
		 [24, 15, 7, 8, 9, 14, 11, 20, 13, 16, 18, 26]
		 [0, 1, 8, 9, 14, 15, 16, 18, 22, 24, 26]
		 [0, 1, 8, 9, 14, 15, 16, 18, 24, 26]
		 [1, 18, 26, 11, 20, 7, 8, 16, 14, 24, 9, 15]
		 [11, 20, 7, 8, 16, 14, 24, 9, 15, 19, 12, 13]
		 [2, 27, 6, 11, 20, 7, 24, 9, 15, 19, 12, 13]
		 [2, 10, 6, 11, 20, 13, 19, 27, 12]
		 [2, 10, 28, 27, 12, 6, 19, 11, 13]
		 [16, 1, 26, 18, 24, 20, 15, 7, 8, 9, 14]
		 [7, 9, 14, 15, 24, 11, 20, 13, 19, 27, 12]
		 [2, 10, 28, 3, 4, 5, 17, 21, 23, 25, 29, 27, 12, 6]
		 [20, 15, 7, 24, 9, 14, 19, 11, 13]
		 [20, 15, 7, 8, 9, 14, 16, 24, 19, 11, 13]
		 [27, 12, 6, 24, 9, 15, 7, 19, 11, 20, 13]
		 [2, 3, 4, 5, 6, 10, 12, 17, 19, 21, 23, 25, 27, 28, 29]
		 [24, 9, 15, 7, 11, 20, 13, 19, 27, 12]
		 [24, 15, 7, 11, 20, 13, 19, 27, 12]
		 [24, 15, 7, 8, 9, 14, 11, 12, 13, 19, 20]
		 [20, 15, 7, 8, 16, 18, 24, 9, 14]
		 [24, 15, 7, 8, 9, 14, 19, 11, 20, 13]
		 [2, 10, 6, 7, 11, 13, 15, 20, 19, 27, 12]
		 [20, 15, 7, 24, 9, 14, 19, 11, 12, 13]
		 [2, 27, 12, 6, 20, 15, 7, 19, 11, 13]
		 [2, 3, 4, 5, 6, 10, 12, 17, 21, 22, 23, 25, 27, 28, 29]
		 [24, 15, 7, 8, 9, 14, 11, 20, 13]
		 [24, 9, 15, 7, 8, 16, 14, 11, 20, 13]
		 [2, 10, 28, 19, 27, 12, 6, 11, 20, 13]
		 [19, 27, 12, 6, 24, 15, 7, 11, 20, 13]
		 [24, 20, 15, 7, 8, 9, 14, 16, 18, 26]
		 [2, 27, 12, 6, 24, 20, 15, 7, 19, 11, 13]
		 [1, 18, 26, 24, 9, 15, 7, 8, 16, 14]
		 [27, 12, 6, 20, 15, 7, 19, 11, 13]
		 [24, 15, 7, 8, 9, 14, 16, 18, 26]
		 [0, 1, 7, 8, 9, 11, 13, 14, 15, 16, 18, 20, 24, 26]
		 [7, 11, 13, 15, 20, 8, 16, 18, 24, 9, 14]
		 [2, 10, 6, 3, 4, 5, 17, 21, 25, 28, 29, 19, 27, 12]
		 [2, 10, 28, 27, 12, 6, 7, 11, 13, 19, 20]
		 [2, 10, 6, 11, 20, 13, 7, 19, 27, 12]
		 [0, 1, 7, 8, 9, 11, 14, 15, 16, 18, 20, 22, 24, 26]
		 [11, 15, 20, 7, 8, 16, 18, 24, 9, 14]
		 [1, 18, 26, 8, 16, 14, 24, 9, 15]
		 [7, 11, 15, 20, 24, 8, 9, 14, 16, 18, 26]
		 [0, 1, 7, 8, 9, 11, 14, 15, 16, 18, 20, 24, 26]
		 [2, 27, 6, 11, 20, 7, 19, 12, 13]
		 [11, 20, 7, 8, 16, 14, 24, 9, 15]
		 [11, 20, 7, 24, 9, 15, 19, 12, 13]
		 [27, 12, 6, 19, 11, 13]
		 [2, 10, 28, 27, 12, 6]
		 [24, 9, 15, 7, 19, 11, 20, 13]
		 [2, 10, 28, 19, 27, 12, 6]
		 [27, 2, 10, 6, 19, 11, 12, 13]
		 [8, 16, 18, 24, 9, 14]
		 [2, 27, 12, 6, 19, 11, 13]
		 [7, 9, 14, 15, 24, 11, 20, 13]
		 [1, 18, 26, 8, 9, 14, 16, 24]
		 [20, 15, 7, 19, 11, 12, 13]
		 [2, 10, 6, 19, 27, 12]
		 [20, 15, 7, 19, 11, 13]
		 [24, 15, 7, 8, 9, 14]
		 [2, 10, 28, 3, 4, 5, 17, 21, 23, 25, 29]
		 [24, 20, 15, 7, 19, 11, 13]
		 [20, 15, 7, 24, 9, 14]
		 [2, 6, 10, 27, 28, 3, 4, 5, 17, 21, 23, 25, 29]
		 [24, 20, 15, 7, 19, 11, 12, 13]
		 [2, 27, 6, 11, 12, 13, 19, 20]
		 [19, 27, 12, 6, 11, 20, 13]
		 [11, 20, 13, 19, 27, 12]
		 [24, 15, 7, 11, 20, 13]
		 [24, 9, 15, 7, 11, 20, 13]
		 [24, 9, 15, 7, 8, 16, 18, 14]
		 [8, 9, 14, 16, 18, 26]
		 [24, 15, 7, 8, 16, 14, 9]
		 [20, 15, 7, 11, 12, 13, 19, 27]
		 [2, 27, 6, 3, 4, 5, 10, 17, 21, 22, 23, 25, 28, 29]
		 [2, 10, 6, 3, 4, 5, 17, 21, 23, 25, 28, 29]
		 [2, 10, 6, 3, 4, 5, 17, 21, 22, 23, 25, 28, 29]
		 [1, 18, 26, 8, 16, 14]
		 [7, 9, 15, 20, 24, 8, 16, 14]
		 [16, 1, 18, 26, 8, 9, 14]
		 [20, 15, 7, 8, 24, 14, 9]
		 [2, 10, 28, 3, 4, 5, 17, 21, 22, 23, 25, 29]
		 [8, 24, 14, 9, 16, 18, 26]
		 [2, 10, 6, 3, 4, 5, 17, 21, 25, 28, 29]
		 [2, 6, 10, 12, 27, 3, 4, 5, 17, 21, 25, 28, 29]
		 [2, 27, 6, 3, 4, 5, 10, 17, 21, 25, 28, 29]
		 [27, 12, 6, 7, 11, 13, 19, 20]
		 [8, 9, 14, 15, 24, 16, 18, 26]
		 [11, 15, 20, 7, 24, 9, 14]
		 [2, 27, 6, 19, 12, 13]
		 [2, 6, 10, 27, 28, 19, 12, 13]
		 [2, 10, 6, 19, 27, 12, 13]
		 [11, 20, 13, 7, 19, 27, 12]
		 [8, 16, 18, 14, 24, 9, 15]
		 [8, 16, 14, 24, 9, 15]
		 [7, 11, 15, 20, 24, 8, 9, 14]
		 [11, 20, 7, 24, 9, 15]
		 [11, 20, 7, 19, 12, 13]
		 [2, 6, 10, 27, 28]
		 [2, 6, 10, 12, 27]
		 [3, 4, 5, 17, 21, 23, 25, 29]
		 [2, 10, 6]
		 [8, 14, 16, 18, 26]
		 [19, 11, 12, 13]
		 [11, 12, 13, 19, 20]
		 [2, 10, 28]
		 [2, 10, 28, 6]
		 [2, 27, 6]
		 [27, 2, 10, 6]
		 [20, 15, 7]
		 [19, 27, 12]
		 [11, 20, 13]
		 [19, 11, 13]
		 [3, 4, 5, 10, 17, 21, 23, 25, 28, 29]
		 [19, 11, 20, 13]
		 [8, 9, 14, 16, 24]
		 [3, 4, 5, 17, 21, 22, 23, 25, 29]
		 [27, 12, 6]
		 [11, 12, 13, 19, 27]
		 [2, 27, 12, 6]
		 [3, 4, 5, 17, 21, 23, 25, 28, 29]
		 [7, 9, 15, 20, 24]
		 [3, 4, 5, 17, 21, 22, 23, 25, 28, 29]
		 [19, 27, 12, 6]
		 [3, 4, 5, 10, 17, 21, 22, 23, 25, 28, 29]
		 [7, 9, 14, 15, 24]
		 [16, 1, 18, 26]
		 [8, 16, 14, 9]
		 [2, 6, 12, 19, 27]
		 [8, 16, 14]
		 [24, 15, 7]
		 [24, 9, 14]
		 [7, 11, 13, 15, 20]
		 [1, 18, 26]
		 [8, 16, 18, 14]
		 [8, 9, 14, 24]
		 [24, 20, 15, 7]
		 [24, 9, 15, 7]
		 [8, 9, 14]
		 [8, 9, 14, 16, 18]
		 [8, 16, 18]
		 [16, 18, 26]
		 [8, 16, 18, 26]
		 [1, 8, 16, 18, 26]
		 [3, 4, 5, 17, 21, 25, 28, 29]
		 [2, 3, 4, 5, 10, 17, 21, 25, 28, 29]
		 [3, 4, 5, 10, 17, 21, 25, 28, 29]
		 [19, 27, 12, 13]
		 [7, 11, 13, 19, 20]
		 [11, 20, 13, 7]
		 [11, 20, 15, 7]
		 [7, 11, 15, 20, 24]
		 [6, 12, 13, 19, 27]
		 [8, 9, 14, 15, 24]
		 [24, 9, 15]
		 [24, 9, 14, 15]
		 [19, 12, 13]
		 [11, 20, 7]
******* Instance: 30005_hard *******
	 After 263.786961048987 seconds and 139 BeB nodes, we found 160 SECs. Specifically, they are:
		 [1, 6, 8, 12, 13, 20, 22, 28]
		 [0, 5, 7, 18]
		 [0, 2, 3, 4, 5, 7, 11, 17, 18, 21, 23, 24]
		 [1, 8, 12]
		 [0, 17, 18, 5, 7]
		 [0, 2, 3, 4, 5, 7, 9, 11, 17, 18, 21, 23, 24, 29]
		 [0, 2, 5, 7, 17, 18, 21, 23]
		 [1, 6, 8, 10, 12, 13, 14, 15, 16, 19, 20, 22, 28]
		 [1, 8, 12, 20]
		 [0, 17, 2, 18, 5, 21, 7]
		 [1, 6, 8, 10, 12, 13, 16, 19, 20, 22, 28]
		 [1, 6, 8, 12, 20, 22]
		 [1, 6, 8, 10, 12, 13, 20, 22, 28]
		 [1, 6, 8, 12, 20]
		 [1, 6, 8, 10, 12, 13, 14, 16, 19, 20, 22, 28]
		 [1, 6, 8, 10, 12, 13, 14, 15, 16, 19, 20, 22, 25, 27, 28]
		 [0, 2, 3, 4, 5, 7, 11, 17, 18, 21, 23, 24, 29]
		 [1, 6, 8, 10, 12, 13, 14, 15, 16, 19, 20, 22, 25, 28]
		 [1, 6, 8, 12, 20, 22, 28]
		 [0, 18, 5]
		 [1, 6, 8, 10, 12, 13, 19, 20, 22, 28]
		 [0, 5, 7, 17, 18, 21]
		 [24, 11, 3]
		 [24, 11, 3, 4]
		 [24, 3, 4]
		 [2, 21, 23]
		 [0, 1, 2, 3, 4, 5, 7, 11, 12, 17, 18, 21, 23, 24]
		 [6, 9, 10, 13, 14, 15, 16, 19, 20, 22, 25, 26, 27, 28, 29]
		 [0, 1, 2, 3, 4, 5, 7, 11, 17, 18, 21, 23, 24]
		 [0, 1, 2, 3, 4, 5, 7, 11, 17, 18, 21, 23, 24, 29]
		 [6, 8, 9, 10, 13, 14, 15, 16, 19, 20, 22, 25, 26, 27, 28]
		 [0, 5, 7]
		 [6, 8, 10, 12, 13, 14, 15, 16, 19, 20, 22, 25, 26, 27, 28]
		 [17, 2, 21]
		 [17, 2, 21, 23]
		 [20, 6, 22, 10, 28, 13, 16, 19, 14, 25, 27, 15]
		 [28, 13, 6, 22, 9, 26, 27, 29, 16, 10, 19, 25, 14, 15]
		 [20, 6, 22, 9, 26, 27, 10, 28, 13, 14, 15, 16, 19, 25]
		 [9, 26, 29, 10, 28, 13, 16, 19, 14, 25, 27, 15]
		 [8, 20, 6, 22, 10, 28, 13, 16, 19, 14, 25, 27, 15]
		 [20, 6, 22, 10, 28, 13, 16, 19, 14, 15, 25, 26, 27]
		 [8, 20, 6, 22, 10, 28, 13, 16, 19, 14, 15, 25, 26, 27]
		 [28, 13, 6, 22, 9, 26, 27, 16, 10, 19, 25, 14, 15]
		 [6, 8, 12, 20, 22, 10, 28, 13, 16, 19, 14, 25, 27, 15]
		 [8, 20, 6, 16, 10, 19, 28, 13, 22, 25, 14, 15]
		 [9, 26, 29, 10, 28, 13, 22, 16, 19, 14, 25, 27, 15]
		 [28, 6, 22, 8, 12, 20, 16, 10, 19, 13, 25, 14, 15]
		 [9, 26, 27, 16, 10, 19, 28, 13, 22, 25, 14, 15]
		 [28, 6, 22]
		 [8, 12, 20]
		 [8, 20, 6]
		 [8, 20, 12, 6]
		 [17, 2, 21, 7]
		 [2, 7, 17, 21, 23]
		 [17, 21, 7]
		 [20, 6, 22]
		 [8, 20, 6, 22]
		 [6, 8, 12, 20, 22]
		 [10, 28, 13, 16, 19, 14, 25, 26, 27, 15]
		 [10, 28, 13, 16, 19, 14, 25, 27, 15]
		 [28, 13, 6, 22, 16, 10, 19, 25, 14, 15]
		 [9, 26, 29, 16, 19, 14, 25, 27, 15]
		 [20, 28, 6, 22, 16, 10, 19, 13, 25, 14, 15]
		 [6, 10, 13, 22, 28, 16, 19, 14, 25, 27, 15]
		 [6, 10, 13, 22, 28, 16, 19, 14, 25, 26, 27, 15]
		 [9, 26, 27, 29, 16, 10, 19, 13, 25, 14, 15]
		 [9, 26, 27, 10, 28, 13, 14, 15, 16, 19, 25]
		 [9, 26, 27, 16, 10, 19, 25, 14, 15]
		 [9, 26, 27, 16, 10, 19, 13, 25, 14, 15]
		 [9, 26, 29, 16, 10, 19, 14, 25, 27, 15]
		 [20, 28, 6, 22]
		 [16, 10, 19, 14, 28, 13, 22, 25, 27, 15]
		 [16, 10, 19, 28, 13, 22, 25, 14, 15]
		 [10, 28, 13, 22, 16, 19, 14, 25, 26, 27, 15]
		 [6, 8, 20, 22, 28]
		 [6, 8, 12, 20, 22, 28]
		 [2, 5, 7, 17, 21]
		 [2, 5, 7, 17, 21, 23]
		 [17, 21, 5, 7]
		 [17, 5, 7]
		 [10, 19, 13, 16, 14, 15, 25, 26, 27]
		 [0, 2, 5, 7, 17, 21]
		 [0, 2, 5, 7, 17, 21, 23]
		 [6, 10, 13, 20, 22, 28]
		 [6, 8, 10, 13, 20, 22, 28]
		 [0, 17, 5, 7]
		 [0, 5, 7, 17, 21]
		 [6, 8, 13, 20, 22, 28]
		 [6, 13, 20, 22, 28]
		 [6, 10, 13, 22, 28]
		 [28, 13, 6, 22]
		 [9, 26, 29]
		 [9, 26, 27, 29]
		 [9, 26, 27]
		 [10, 13, 16, 19, 28, 25, 14, 15]
		 [16, 10, 19, 13, 25, 14, 15]
		 [10, 28, 13, 16, 19, 14]
		 [10, 28, 13, 16, 19, 14, 15]
		 [9, 15, 25, 26, 27, 16, 19, 14]
		 [16, 19, 14, 25, 27, 15]
		 [10, 14, 15, 16, 19, 25, 26, 27]
		 [16, 10, 19, 13, 25, 27, 14, 15]
		 [16, 19, 14, 25, 26, 27, 15]
		 [16, 10, 19, 14, 25, 27, 15]
		 [16, 10, 19, 25, 14, 15]
		 [10, 14, 15, 16, 19, 28, 13, 22]
		 [16, 10, 19, 14, 28, 13, 22]
		 [16, 10, 19, 28, 13, 22]
		 [6, 8, 12, 13, 20, 22, 28, 16, 10, 19, 14]
		 [6, 8, 10, 12, 13, 20, 22, 28, 16, 19, 14, 15]
		 [6, 8, 12, 13, 20, 22, 28, 16, 10, 19]
		 [6, 10, 13, 19, 20, 22, 28, 16, 14, 15]
		 [16, 14, 15, 25, 26, 27]
		 [9, 25, 26, 27, 29, 16, 14, 15]
		 [6, 10, 13, 19, 22, 28, 16, 14, 15]
		 [9, 26, 27, 25, 16, 14, 15]
		 [6, 8, 10, 13, 19, 20, 22, 28, 16, 14, 15]
		 [10, 19, 13, 16, 14, 15]
		 [9, 25, 26, 27, 29]
		 [10, 28, 13]
		 [9, 26, 27, 25]
		 [28, 13, 22]
		 [6, 8, 12, 13, 20, 22, 28]
		 [10, 28, 13, 22]
		 [6, 8, 10, 12, 13, 20, 22, 28]
		 [6, 10, 13, 19, 20, 22, 28]
		 [6, 8, 10, 13, 19, 20, 22, 28]
		 [10, 19, 13]
		 [10, 19, 28, 13]
		 [6, 10, 13, 19, 22, 28]
		 [10, 13, 19, 22, 28]
		 [6, 8, 10, 12, 13, 19, 20, 22, 28]
		 [16, 10, 19, 13]
		 [25, 14, 15]
		 [10, 13, 16, 19, 28]
		 [16, 10, 19]
		 [25, 26, 27]
		 [6, 10, 13, 14, 16, 19, 20, 22, 28]
		 [25, 26, 27, 15]
		 [14, 15, 25, 26, 27]
		 [6, 10, 13, 14, 16, 19, 22, 28]
		 [9, 15, 25, 26, 27]
		 [16, 19, 14]
		 [6, 8, 10, 13, 16, 19, 20, 22, 28]
		 [6, 10, 13, 16, 19, 22, 28]
		 [9, 15, 25, 26, 27, 29]
		 [25, 27, 15]
		 [16, 19, 14, 15]
		 [14, 15, 16, 19, 25]
		 [6, 8, 10, 13, 14, 16, 19, 20, 22, 28]
		 [10, 14, 15, 16, 19]
		 [16, 10, 19, 14]
		 [9, 14, 15, 25, 26, 27, 29]
		 [25, 27, 14, 15]
		 [9, 14, 15, 25, 26, 27]
		 [10, 13, 14, 16, 19]
		 [6, 10, 13, 16, 19, 20, 22, 28]
		 [16, 25, 14, 15]
		 [14, 15, 16, 25, 27]
		 [16, 14, 15]
******* Instance: 33001_hard *******
	 After 905.4472768889973 seconds and 157 BeB nodes, we found 171 SECs. Specifically, they are:
		 [1, 4, 7, 8, 9, 16, 17, 18, 20, 21, 22, 24, 25, 27, 29, 30]
		 [0, 2, 3, 6, 10, 11, 12, 13, 14, 15, 19, 23, 26, 28, 32]
		 [0, 32, 2, 6, 10, 13, 15, 19, 23]
		 [0, 32, 2, 6, 10, 13, 14, 15, 19, 23]
		 [6, 13, 15, 19, 23, 32]
		 [19, 6, 23, 13, 15]
		 [0, 2, 3, 6, 10, 11, 13, 14, 15, 19, 23, 28, 32]
		 [0, 2, 3, 5, 6, 10, 11, 12, 13, 14, 15, 19, 23, 26, 28, 32]
		 [0, 2, 3, 6, 10, 13, 14, 15, 19, 23, 32]
		 [0, 2, 3, 6, 10, 13, 14, 15, 19, 23, 28, 32]
		 [6, 10, 13, 15, 19, 23, 32]
		 [0, 32, 2, 3, 6, 10, 11, 13, 14, 15, 19, 23, 26, 28]
		 [19, 15, 13, 23]
		 [13, 15, 23]
		 [0, 32, 6, 10, 13, 15, 19, 23]
		 [24, 4, 21]
		 [0, 2, 14]
		 [12, 5, 31]
		 [26, 12, 5, 31]
		 [26, 12, 5]
		 [19, 23, 15]
		 [8, 1, 27, 7, 18, 4, 21, 16, 17, 20, 24]
		 [8, 1, 27, 24, 18, 4, 21, 16, 17, 20]
		 [8, 1, 27, 18, 4, 21, 24, 17, 20]
		 [8, 1, 27, 7, 18, 4, 21, 24, 17, 20]
		 [16, 17, 20]
		 [8, 27, 7]
		 [9, 30, 25, 22]
		 [9, 22, 30]
		 [0, 2, 10]
		 [9, 22, 25, 29, 30]
		 [25, 29, 22, 30]
		 [25, 22, 30]
		 [8, 1, 27]
		 [8, 1, 27, 7]
		 [0, 32, 2, 10]
		 [25, 29, 30]
		 [0, 32, 10]
		 [18, 4, 21]
		 [2, 3, 28, 14]
		 [2, 3, 14]
		 [3, 28, 14]
		 [1, 18, 27, 21, 4, 16, 17, 20, 24]
		 [1, 18, 27, 21, 24, 17, 4]
		 [8, 1, 18, 27, 24, 17, 4, 21]
		 [8, 1, 18, 27]
		 [1, 7, 8, 18, 27, 24, 17, 4, 21]
		 [1, 18, 27]
		 [1, 7, 8, 18, 27]
		 [0, 2, 3, 14]
		 [1, 18, 27, 21, 24, 17, 4, 20]
		 [0, 2, 3, 14, 28]
		 [1, 18, 4, 21, 16, 17, 20, 24]
		 [1, 18, 21, 24, 17, 4]
		 [0, 10, 2, 14]
		 [0, 2, 3, 10, 14, 28]
		 [0, 2, 3, 10, 14]
		 [1, 18, 4, 21, 24, 17, 20]
		 [0, 32, 2, 3, 10, 14, 28]
		 [0, 32, 2, 10, 14]
		 [0, 32, 2, 3, 10, 14]
		 [26, 11, 12]
		 [3, 11, 12, 26, 28]
		 [11, 3, 28]
		 [2, 3, 11, 14, 28]
		 [24, 17, 4, 21]
		 [5, 11, 12, 26, 28]
		 [1, 7, 8, 18, 21, 27]
		 [1, 18, 27, 21]
		 [11, 3, 28, 14]
		 [26, 11, 28]
		 [1, 8, 18, 21, 27]
		 [3, 5, 11, 12, 14, 26, 28, 31]
		 [4, 16, 17, 20, 21, 24]
		 [24, 17, 4]
		 [4, 16, 17, 20, 24]
		 [2, 3, 11, 14, 26, 28]
		 [3, 11, 12, 14, 26, 28]
		 [2, 3, 5, 11, 12, 14, 26, 28]
		 [26, 11, 12, 5]
		 [3, 11, 14, 26, 28]
		 [2, 3, 5, 11, 12, 14, 26, 28, 31]
		 [26, 11, 12, 28]
		 [5, 11, 12, 26, 28, 31]
		 [3, 5, 11, 12, 14, 26, 28]
		 [2, 3, 11, 12, 14, 26, 28]
		 [11, 26, 3, 28]
		 [5, 11, 12, 26, 31]
		 [3, 5, 11, 12, 26, 28, 31]
		 [3, 5, 11, 12, 26, 28]
		 [1, 18, 21]
		 [1, 4, 7, 8, 18, 21, 27]
		 [1, 4, 8, 18, 21, 27]
		 [1, 4, 18, 21, 27]
		 [1, 18, 4, 21]
		 [0, 2, 3, 11, 12, 14, 26, 28]
		 [0, 2, 3, 5, 11, 12, 14, 26, 28, 31]
		 [0, 2, 3, 11, 14, 28]
		 [0, 2, 3, 5, 11, 12, 14, 26, 28]
		 [0, 2, 3, 11, 14, 26, 28]
		 [0, 2, 3, 10, 11, 14, 28]
		 [0, 2, 3, 10, 11, 14, 26, 28]
		 [0, 2, 3, 10, 11, 12, 14, 26, 28]
		 [0, 2, 3, 5, 10, 11, 12, 14, 26, 28, 31]
		 [0, 2, 3, 5, 10, 11, 12, 14, 26, 28]
		 [0, 32, 2, 3, 5, 10, 11, 12, 14, 26, 28]
		 [0, 32, 2, 3, 10, 11, 14, 26, 28]
		 [0, 32, 2, 3, 10, 11, 14, 28]
		 [0, 32, 2, 3, 10, 11, 12, 14, 26, 28]
		 [0, 32, 2, 3, 5, 10, 11, 12, 14, 26, 28, 31]
		 [1, 4, 8, 18, 21, 24, 27]
		 [16, 24, 20, 17]
		 [4, 16, 17, 18, 20, 21, 24]
		 [1, 4, 7, 8, 18, 21, 24, 27]
		 [4, 17, 18, 21, 24]
		 [24, 18, 4, 21]
		 [1, 4, 18, 21, 24, 27]
		 [24, 17, 20]
		 [24, 17, 4, 20]
		 [4, 17, 20, 21, 24]
		 [4, 17, 18, 20, 21, 24]
		 [1, 4, 18, 21, 24]
		 [0, 32, 2, 3, 5, 6, 10, 11, 12, 14, 15, 19, 23, 26, 28, 31]
		 [0, 32, 2, 3, 5, 6, 10, 11, 12, 14, 15, 19, 23, 26, 28]
		 [0, 32, 2, 3, 5, 6, 10, 11, 12, 14, 26, 28, 31]
		 [32, 10, 6]
		 [0, 32, 6, 10, 19]
		 [32, 19, 6]
		 [32, 10, 19, 6]
		 [0, 32, 2, 3, 6, 10, 11, 14, 15, 19, 26, 28]
		 [0, 32, 2, 3, 6, 10, 11, 12, 14, 15, 19, 23, 26, 28]
		 [0, 32, 2, 3, 6, 10, 14, 15, 19, 28]
		 [0, 32, 2, 3, 6, 10, 14, 28]
		 [32, 6, 10, 15, 19]
		 [0, 32, 2, 3, 6, 10, 14, 15, 19]
		 [0, 32, 6, 10, 15, 19]
		 [0, 32, 2, 6, 10, 14, 15, 19, 23]
		 [0, 32, 2, 3, 6, 10, 14, 19, 28]
		 [0, 32, 2, 6, 10, 14]
		 [0, 32, 2, 3, 5, 6, 10, 11, 12, 14, 19, 26, 28, 31]
		 [32, 6, 15, 19, 23]
		 [0, 32, 2, 3, 6, 10, 14, 15, 19, 23, 28]
		 [0, 32, 2, 3, 6, 10, 11, 14, 15, 19, 23, 26, 28]
		 [32, 6, 10, 15, 19, 23]
		 [0, 32, 2, 3, 6, 10, 14]
		 [0, 32, 2, 3, 5, 6, 10, 11, 12, 14, 15, 19, 26, 28, 31]
		 [0, 32, 2, 6, 10]
		 [0, 10, 32, 6]
		 [0, 32, 2, 3, 6, 10, 11, 14, 28]
		 [0, 32, 2, 3, 6, 10, 14, 15, 19, 23]
		 [32, 19, 6, 15]
		 [0, 32, 2, 3, 6, 10, 11, 12, 14, 15, 19, 26, 28]
		 [0, 32, 2, 6, 10, 15, 19]
		 [0, 32, 2, 6, 10, 14, 19]
		 [0, 32, 2, 6, 10, 19]
		 [0, 32, 2, 3, 6, 10, 14, 19]
		 [0, 32, 2, 3, 6, 10, 11, 12, 14, 26, 28]
		 [0, 32, 2, 3, 5, 6, 10, 11, 12, 14, 15, 19, 26, 28]
		 [0, 32, 2, 6, 10, 15, 19, 23]
		 [0, 32, 2, 3, 6, 10, 11, 14, 15, 19, 28]
		 [0, 32, 2, 6, 10, 14, 15, 19]
		 [0, 32, 2, 3, 6, 10, 11, 14, 19, 26, 28]
		 [0, 32, 2, 3, 6, 10, 11, 14, 15, 19, 23, 28]
		 [0, 32, 6, 10, 15, 19, 23]
		 [0, 32, 2, 3, 6, 10, 11, 12, 14, 19, 26, 28]
		 [0, 32, 2, 3, 6, 10, 11, 14, 26, 28]
		 [0, 32, 2, 3, 5, 6, 10, 11, 12, 14, 26, 28]
		 [0, 32, 2, 3, 6, 10, 11, 14, 19, 28]
		 [0, 32, 2, 3, 5, 6, 10, 11, 12, 14, 19, 26, 28]
		 [19, 6, 15]
		 [19, 23, 6, 15]
******* Instance: 35002_hard *******
	 After 827.2041998549976 seconds and 151 BeB nodes, we found 167 SECs. Specifically, they are:
		 [4, 13, 15, 16, 23, 25]
		 [9, 27, 33, 7]
		 [16, 4, 15, 23]
		 [4, 13, 15, 16, 18, 21, 23, 25]
		 [7, 9, 17, 19, 27, 32, 33]
		 [16, 23, 15]
		 [4, 13, 15, 16, 21, 23, 25]
		 [9, 33, 7]
		 [32, 33, 34, 6, 7, 9, 17, 19, 27]
		 [33, 17, 7, 9, 27]
		 [4, 5, 13, 15, 16, 18, 21, 23, 25]
		 [4, 5, 13, 15, 16, 18, 21, 22, 23, 25]
		 [3, 4, 5, 13, 15, 16, 18, 21, 22, 23, 25]
		 [26, 11, 31]
		 [4, 15, 16, 23, 25]
		 [7, 9, 17, 27, 32, 33]
		 [32, 33, 6, 7, 9, 17, 19, 27]
		 [34, 19, 6]
		 [3, 12, 22]
		 [8, 1, 14]
		 [3, 5, 12, 18, 22, 16, 4, 23, 24, 10, 30, 25, 21, 13]
		 [0, 8, 14, 1]
		 [10, 3, 12, 30, 16, 4, 23, 18, 5, 22, 25, 21, 13]
		 [0, 8, 1]
		 [3, 12, 5, 22, 16, 25, 4, 24, 10, 30, 18, 21, 13]
		 [0, 8, 2]
		 [0, 1, 2, 8]
		 [0, 1, 2, 8, 14]
		 [16, 4, 23]
		 [3, 5, 22, 16, 25, 4, 10, 12, 30, 18, 21, 13]
		 [16, 25, 4, 23]
		 [16, 25, 4]
		 [32, 34, 19, 6, 17, 27, 7, 9, 26, 33]
		 [32, 19, 6, 17, 27, 7, 9, 26, 33]
		 [32, 34, 19, 6, 17, 27, 7, 33, 9, 11, 26, 31]
		 [32, 19, 6, 17, 27, 7, 33, 9, 11, 26, 31]
		 [32, 19, 6, 17, 27, 7, 9, 26, 11, 33]
		 [32, 34, 19, 6, 17, 27, 7, 9, 26, 11, 33]
		 [9, 27, 7, 33, 26, 11, 31, 32, 17, 19]
		 [9, 27, 7, 33, 26, 11, 32, 17, 19]
		 [32, 34, 19, 6]
		 [32, 19, 6]
		 [32, 17, 19, 6]
		 [9, 27, 7]
		 [32, 6, 17, 19, 27]
		 [32, 34, 6, 17, 19, 27]
		 [19, 17, 32, 27]
		 [32, 34, 6, 17, 19]
		 [32, 17, 19]
		 [32, 17, 27]
		 [3, 5, 12, 18, 22, 24, 10, 30, 25, 21, 13]
		 [3, 5, 12, 18, 22, 25, 21, 4, 13, 24, 10, 30]
		 [25, 4, 13]
		 [10, 3, 12, 30, 18, 5, 22, 25, 21, 13]
		 [10, 3, 12, 30, 25, 13, 4, 21, 18, 5, 22]
		 [3, 12, 5, 22, 24, 10, 30, 18, 21, 13]
		 [4, 13, 16, 23, 25]
		 [25, 13, 4, 21]
		 [25, 21, 13]
		 [16, 25, 4, 13]
		 [3, 5, 22, 10, 12, 30, 18, 21, 13]
		 [4, 13, 16, 21, 23, 25]
		 [4, 13, 16, 21, 25]
		 [18, 21, 13]
		 [25, 21, 18, 13]
		 [4, 13, 18, 21, 25]
		 [4, 13, 16, 18, 21, 25]
		 [4, 13, 16, 18, 21, 23, 25]
		 [17, 27, 7, 9, 26, 33]
		 [32, 7, 17, 19, 27, 9, 26, 33]
		 [9, 27, 17, 7, 33, 26, 11, 31]
		 [17, 27, 7, 9, 26, 11, 33]
		 [32, 17, 27, 7, 9, 26, 33]
		 [32, 7, 9, 17, 27, 33, 26, 11, 31]
		 [32, 17, 27, 7, 9, 26, 11, 33]
		 [17, 27, 7]
		 [32, 7, 17, 19, 27]
		 [32, 6, 7, 17, 19, 27]
		 [32, 34, 6, 7, 17, 19, 27]
		 [32, 6, 7, 9, 17, 19, 27]
		 [32, 17, 27, 7]
		 [32, 7, 9, 17, 19, 27]
		 [32, 34, 6, 7, 9, 17, 19, 27]
		 [9, 27, 17, 7]
		 [32, 7, 9, 17, 27]
		 [13, 18, 21, 5]
		 [5, 13, 18, 21, 25]
		 [4, 5, 13, 18, 21, 25]
		 [3, 4, 5, 12, 13, 15, 16, 18, 21, 22, 23, 25, 24, 10, 30]
		 [3, 5, 12, 18, 22, 24, 10, 30]
		 [4, 5, 13, 16, 18, 21, 23, 25]
		 [4, 5, 13, 16, 18, 21, 25]
		 [18, 21, 5]
		 [0, 1, 2, 8, 14, 20]
		 [0, 1, 2, 8, 14, 20, 28]
		 [18, 3, 5, 22, 10, 12, 30]
		 [0, 2, 8, 20, 28]
		 [2, 20, 28]
		 [0, 2, 20]
		 [0, 2, 20, 28]
		 [0, 8, 2, 20]
		 [0, 1, 2, 8, 20, 28]
		 [0, 1, 2, 8, 20]
		 [0, 1, 2, 8, 14, 20, 28, 29]
		 [3, 5, 12, 18, 21, 22, 24, 10, 30]
		 [29, 20, 28]
		 [0, 2, 20, 28, 29]
		 [0, 1, 2, 8, 20, 28, 29]
		 [3, 12, 5, 22, 24, 10, 30]
		 [2, 29, 20, 28]
		 [0, 2, 8, 20, 28, 29]
		 [3, 12, 30, 18, 5, 22]
		 [10, 3, 12, 30, 21, 18, 5, 22]
		 [3, 12, 30, 4, 5, 13, 18, 21, 22, 25]
		 [3, 12, 30, 5, 13, 18, 21, 22]
		 [3, 5, 22, 10, 12, 30]
		 [3, 12, 30, 5, 13, 18, 21, 22, 25]
		 [3, 12, 30, 21, 18, 5, 22]
		 [3, 12, 30, 4, 5, 13, 16, 18, 21, 22, 23, 25]
		 [3, 12, 30, 4, 5, 13, 16, 18, 21, 22, 25]
		 [5, 13, 18, 21, 22, 25]
		 [5, 13, 18, 21, 22]
		 [18, 5, 22]
		 [4, 5, 13, 18, 21, 22, 25]
		 [4, 5, 13, 16, 18, 21, 22, 25]
		 [18, 21, 5, 22]
		 [4, 5, 13, 16, 18, 21, 22, 23, 25]
		 [9, 26, 33]
		 [9, 26, 33, 7]
		 [33, 9, 11, 26, 31]
		 [33, 26, 11, 31]
		 [33, 7, 9, 11, 26, 31]
		 [33, 26, 11]
		 [33, 7, 9, 26, 27]
		 [9, 26, 11, 33]
		 [33, 7, 9, 11, 26]
		 [33, 7, 9, 11, 26, 27, 31]
		 [33, 7, 9, 11, 26, 27]
		 [3, 4, 5, 10, 12, 13, 15, 16, 18, 21, 22, 23, 25, 30]
		 [3, 5, 12, 13, 18, 21, 22, 25]
		 [3, 10, 12, 22, 30]
		 [3, 5, 12, 18, 22]
		 [3, 5, 12, 13, 18, 21, 22]
		 [3, 4, 5, 12, 13, 15, 16, 18, 21, 22, 23, 25]
		 [3, 4, 5, 12, 13, 18, 21, 22, 25]
		 [24, 10, 30]
		 [3, 10, 12, 22, 24, 30]
		 [10, 12, 30]
		 [10, 3, 12, 30]
		 [3, 12, 22, 30]
		 [18, 3, 5, 22]
		 [3, 4, 5, 13, 18, 21, 22, 25]
		 [3, 5, 13, 18, 21, 22]
		 [3, 12, 5, 22]
		 [3, 4, 5, 12, 13, 15, 16, 18, 21, 22, 23, 25, 30]
		 [3, 4, 5, 12, 13, 16, 18, 21, 22, 25]
		 [3, 4, 5, 12, 13, 16, 18, 21, 22, 23, 25]
		 [3, 5, 12, 18, 21, 22]
		 [3, 5, 13, 18, 21, 22, 25]
		 [24, 10, 12, 30]
		 [3, 10, 12, 24, 30]
		 [3, 5, 18, 21, 22]
		 [3, 5, 22]
		 [3, 5, 12, 22, 30]
		 [3, 12, 30]
		 [3, 4, 5, 13, 16, 18, 21, 22, 25]
		 [3, 4, 5, 13, 16, 18, 21, 22, 23, 25]
******* Instance: 35003_hard *******
	 After 2807.7631103299937 seconds and 188 BeB nodes, we found 197 SECs. Specifically, they are:
		 [25, 3, 21]
		 [0, 2, 11, 28]
		 [0, 2, 11, 16, 22, 28, 30, 31]
		 [1, 3, 21, 25]
		 [0, 16, 2, 11, 28]
		 [0, 2, 11, 16, 22, 28]
		 [2, 11, 28]
		 [0, 2, 11, 16, 22, 28, 30]
		 [0, 2, 10, 11, 16, 22, 28, 30, 31]
		 [1, 3, 18, 21, 25]
		 [4, 12, 14, 32, 19, 5, 8, 13, 7, 26, 23, 15]
		 [24, 20, 6]
		 [4, 12, 14]
		 [0, 2, 11]
		 [24, 34, 20, 6]
		 [32, 19, 5]
		 [9, 10, 33]
		 [9, 10, 31, 33]
		 [4, 12, 7, 8, 13, 19, 5, 26, 15, 14, 23]
		 [9, 17, 33]
		 [4, 12, 7, 8, 13, 5, 26, 14, 23]
		 [33, 9, 10, 30, 31]
		 [4, 12, 7, 8, 13, 5, 26, 15, 14, 23]
		 [34, 6, 20, 24, 27]
		 [8, 4, 12, 7, 32, 13, 19, 5, 26, 14, 23]
		 [4, 12, 7, 8, 13, 19, 5, 26, 14, 23]
		 [33, 9, 17, 27, 29]
		 [13, 19, 5]
		 [32, 13, 19, 5]
		 [4, 12, 14, 7]
		 [9, 27, 29, 17]
		 [4, 12, 7]
		 [9, 29, 17, 33]
		 [9, 29, 17]
		 [1, 3, 21]
		 [1, 18, 3, 21]
		 [1, 18, 3]
		 [8, 13, 5]
		 [8, 13, 19, 5]
		 [32, 5, 8, 13, 19]
		 [0, 16, 2, 11]
		 [33, 9, 10, 22, 30, 31]
		 [4, 7, 8, 12, 14]
		 [26, 4, 14, 23]
		 [8, 12, 7]
		 [8, 4, 12, 7]
		 [10, 30, 31]
		 [0, 16, 11]
		 [9, 10, 17, 33]
		 [33, 9, 10, 17, 27, 29]
		 [33, 9, 10, 17, 29]
		 [33, 9, 10, 17, 27, 29, 30, 31]
		 [34, 9, 17, 27, 29]
		 [33, 9, 10, 17, 27, 29, 31]
		 [26, 23, 15]
		 [26, 15, 14, 23]
		 [34, 6, 20, 24, 27, 29]
		 [26, 14, 23]
		 [4, 12, 14, 15, 23, 26]
		 [4, 14, 15, 23, 26]
		 [4, 12, 14, 23, 26]
		 [26, 4, 12, 14]
		 [26, 4, 14]
		 [34, 6, 9, 17, 20, 24, 27, 29, 33, 10, 31, 16, 22, 30]
		 [33, 9, 10, 16, 22, 30, 31, 17, 27, 29, 24, 34, 20]
		 [16, 22, 30]
		 [0, 33, 2, 9, 10, 11, 16, 22, 28, 30, 31]
		 [0, 2, 11, 16, 22]
		 [0, 16, 22]
		 [0, 16, 22, 30]
		 [0, 16, 11, 22]
		 [0, 11, 16, 22, 30]
		 [0, 33, 2, 9, 10, 11, 16, 22, 30, 31]
		 [0, 2, 11, 16, 22, 30]
		 [0, 33, 9, 10, 16, 22, 30, 31]
		 [4, 7, 12, 14, 15, 23, 26]
		 [0, 33, 9, 10, 11, 16, 22, 30, 31]
		 [4, 7, 12, 14, 23, 26]
		 [4, 7, 12, 14, 26]
		 [17, 27, 29]
		 [4, 7, 8, 12, 14, 23, 26]
		 [4, 7, 8, 12, 14, 15, 23, 26]
		 [4, 7, 8, 12, 14, 26]
		 [8, 13, 7]
		 [33, 34, 6, 9, 17, 20, 24, 27, 29, 10, 30, 22, 31]
		 [33, 34, 9, 17, 27, 29, 10, 16, 22, 30, 31]
		 [33, 34, 9, 17, 27, 29, 10, 30, 22, 31]
		 [34, 6, 9, 17, 20, 24, 27, 29, 33, 10, 31]
		 [33, 9, 10, 17, 22, 27, 29, 30, 31, 24, 34, 20]
		 [0, 33, 2, 10, 11, 16, 22, 28, 30, 31]
		 [33, 9, 10, 17, 30, 31, 34, 27, 29]
		 [34, 6, 9, 17, 20, 24, 27, 29, 33, 10, 30, 31]
		 [0, 33, 2, 9, 10, 11, 16, 17, 22, 28, 30, 31]
		 [33, 9, 10, 17, 31, 34, 27, 29]
		 [0, 2, 10, 11, 16, 22, 30, 31]
		 [0, 10, 16, 22, 30, 31]
		 [0, 10, 11, 16, 22, 30, 31]
		 [0, 33, 2, 9, 10, 11, 16, 17, 22, 27, 28, 29, 30, 31]
		 [8, 13, 5, 7]
		 [32, 5, 7, 8, 13, 19]
		 [5, 7, 8, 13, 19]
		 [10, 30, 22, 31]
		 [10, 16, 22, 30, 31]
		 [0, 2, 11, 16, 22, 30, 31]
		 [0, 33, 2, 9, 10, 11, 16, 17, 22, 27, 29, 30, 31]
		 [33, 9, 10, 17, 29, 31, 24, 34, 27, 20]
		 [0, 33, 9, 10, 16, 17, 22, 27, 29, 30, 31]
		 [0, 16, 22, 30, 31]
		 [33, 9, 10, 17, 29, 30, 31, 24, 34, 27, 20]
		 [0, 33, 2, 9, 10, 11, 16, 17, 22, 28, 29, 30, 31]
		 [24, 34, 20]
		 [0, 11, 16, 22, 30, 31]
		 [0, 33, 10, 11, 16, 22, 30, 31]
		 [0, 33, 9, 10, 16, 17, 22, 30, 31]
		 [0, 33, 10, 16, 22, 30, 31]
		 [0, 33, 9, 10, 11, 16, 17, 22, 30, 31]
		 [0, 33, 2, 10, 11, 16, 22, 30, 31]
		 [0, 33, 2, 9, 10, 11, 16, 17, 22, 30, 31]
		 [0, 33, 2, 9, 10, 11, 16, 17, 22, 29, 30, 31]
		 [0, 33, 9, 10, 11, 16, 17, 22, 29, 30, 31]
		 [0, 33, 9, 10, 16, 17, 22, 29, 30, 31]
		 [16, 30, 22, 31]
		 [24, 34, 27, 20]
		 [33, 9, 10, 16, 22, 30, 31, 34, 17, 24, 27, 29]
		 [34, 9, 17, 24, 27, 29, 33, 10, 31]
		 [33, 34, 9, 10, 17, 24, 27, 29, 31, 22, 30]
		 [33, 9, 10, 17, 30, 31, 24, 34, 27, 29]
		 [32, 4, 5, 7, 8, 12, 13, 19]
		 [4, 7, 8, 12, 13, 14, 15, 23, 26]
		 [4, 7, 8, 12, 13, 14, 23, 26]
		 [8, 12, 13, 7]
		 [32, 5, 7, 8, 12, 13, 19]
		 [32, 4, 5, 7, 8, 12, 13, 14, 19]
		 [4, 5, 7, 8, 12, 13, 14, 19]
		 [5, 7, 8, 12, 13]
		 [4, 5, 7, 8, 12, 13]
		 [34, 6, 17, 20, 24, 27, 29]
		 [17, 34, 27, 29]
		 [4, 7, 8, 12, 13]
		 [5, 7, 8, 12, 13, 19]
		 [4, 5, 7, 8, 12, 13, 14]
		 [4, 5, 7, 8, 12, 13, 19]
		 [4, 7, 8, 12, 13, 14]
		 [31, 22, 30]
		 [32, 4, 5, 7, 8, 12, 13, 14, 19, 26]
		 [4, 5, 7, 8, 12, 13, 14, 19, 26]
		 [33, 10, 16, 22, 30, 31]
		 [4, 5, 7, 8, 12, 13, 14, 26]
		 [4, 7, 8, 12, 13, 14, 26]
		 [33, 10, 22, 30, 31]
		 [33, 10, 31]
		 [33, 10, 30, 31]
		 [0, 33, 2, 34, 9, 10, 11, 16, 17, 22, 27, 28, 29, 30, 31]
		 [32, 1, 3, 4, 5, 7, 8, 12, 13, 14, 15, 18, 19, 21, 23, 25, 26]
		 [33, 9, 10, 16, 22, 30, 31]
		 [33, 34, 9, 17, 27, 29]
		 [33, 9, 10, 16, 17, 22, 27, 29, 30, 31]
		 [33, 34, 6, 9, 17, 20, 24, 27, 29]
		 [33, 9, 10, 17, 22, 27, 29, 30, 31]
		 [0, 33, 2, 34, 6, 9, 10, 11, 16, 17, 20, 22, 24, 27, 29, 30, 31]
		 [33, 34, 9, 10, 17, 27, 29]
		 [34, 17, 20, 24, 27, 29]
		 [33, 34, 6, 9, 10, 17, 20, 24, 27, 29]
		 [33, 34, 9, 17, 20, 24, 27, 29]
		 [34, 27, 29]
		 [33, 9, 10, 16, 17, 22, 30, 31]
		 [0, 33, 2, 34, 9, 10, 11, 16, 17, 20, 22, 24, 27, 28, 29, 30, 31]
		 [33, 9, 10, 17, 31]
		 [33, 9, 10, 17, 29, 31]
		 [33, 9, 10, 17, 29, 30, 31]
		 [33, 9, 10, 17, 22, 30, 31]
		 [33, 9, 10, 17, 30, 31]
		 [33, 9, 10, 17, 22, 29, 30, 31]
		 [34, 6, 9, 17, 20, 24, 27, 29]
		 [0, 33, 34, 6, 9, 10, 16, 17, 20, 22, 24, 27, 29, 30, 31]
		 [0, 33, 34, 6, 9, 10, 11, 16, 17, 20, 22, 24, 27, 29, 30, 31]
		 [33, 9, 10, 16, 17, 22, 29, 30, 31]
		 [0, 33, 2, 34, 9, 10, 11, 16, 17, 22, 27, 29, 30, 31]
		 [0, 33, 9, 10, 11, 16, 17, 22, 27, 29, 30, 31]
		 [0, 33, 34, 9, 10, 11, 16, 17, 22, 27, 29, 30, 31]
		 [0, 33, 34, 9, 10, 16, 17, 22, 27, 29, 30, 31]
		 [0, 33, 34, 9, 10, 16, 17, 20, 22, 24, 27, 29, 30, 31]
		 [0, 33, 2, 34, 9, 10, 11, 16, 17, 20, 22, 24, 27, 29, 30, 31]
		 [33, 34, 9, 10, 17, 20, 24, 27, 29]
		 [34, 20, 24, 27, 29]
		 [0, 33, 34, 9, 10, 11, 16, 17, 20, 22, 24, 27, 29, 30, 31]
		 [34, 9, 17, 20, 24, 27, 29]
		 [0, 33, 2, 34, 9, 10, 11, 16, 17, 22, 24, 27, 28, 29, 30, 31]
		 [34, 17, 24, 27, 29]
		 [33, 34, 9, 17, 24, 27, 29]
		 [34, 9, 17, 24, 27, 29]
		 [24, 34, 27, 29]
		 [33, 34, 9, 10, 17, 24, 27, 29]
		 [24, 34, 27]
		 [0, 33, 2, 34, 9, 10, 11, 16, 17, 22, 24, 27, 29, 30, 31]
		 [0, 33, 34, 9, 10, 16, 17, 22, 24, 27, 29, 30, 31]
		 [0, 33, 34, 9, 10, 11, 16, 17, 22, 24, 27, 29, 30, 31]
******* Instance: 35009_hard *******
Ran into time limit.
